<?xml version="1.0" encoding="UTF-8"?>
<!-- Generated by org.testng.reporters.JUnitReportReporter -->
<testsuite hostname="DESKTOP-OEL817D" name="suit.runner" tests="1" failures="0" timestamp="16 Oct 2018 13:22:16 GMT" time="331.248" errors="0">
  <testcase name="Runner" time="331.248" classname="suit.runner"/>
</testsuite> <!-- suit.runner -->
