<?xml version="1.0" encoding="UTF-8"?>
<!-- Generated by org.testng.reporters.JUnitReportReporter -->
<testsuite hostname="DESKTOP-OEL817D" name="suit.runner" tests="1" failures="0" timestamp="26 Oct 2018 05:57:40 GMT" time="651.680" errors="0">
  <testcase name="Runner" time="651.680" classname="suit.runner"/>
</testsuite> <!-- suit.runner -->
