<?xml version="1.0" encoding="UTF-8"?>
<!-- Generated by org.testng.reporters.JUnitReportReporter -->
<testsuite hostname="DESKTOP-OEL817D" name="suit.runner" tests="1" failures="0" timestamp="26 Oct 2018 08:04:50 GMT" time="530.321" errors="0">
  <testcase name="Runner" time="530.321" classname="suit.runner"/>
</testsuite> <!-- suit.runner -->
