<?xml version="1.0" encoding="UTF-8"?>
<!-- Generated by org.testng.reporters.JUnitReportReporter -->
<testsuite hostname="DESKTOP-OEL817D" name="suit.runner" tests="1" failures="0" timestamp="18 Oct 2018 10:41:37 GMT" time="276.921" errors="0">
  <testcase name="Runner" time="276.921" classname="suit.runner"/>
</testsuite> <!-- suit.runner -->
