<?xml version="1.0" encoding="UTF-8"?>
<!-- Generated by org.testng.reporters.JUnitReportReporter -->
<testsuite hostname="DESKTOP-OEL817D" name="suit.runner" tests="1" failures="0" timestamp="14 Nov 2018 07:58:05 GMT" time="6738.192" errors="0">
  <testcase name="Runner" time="6738.192" classname="suit.runner"/>
</testsuite> <!-- suit.runner -->
