<?xml version="1.0" encoding="UTF-8"?>
<!-- Generated by org.testng.reporters.JUnitReportReporter -->
<testsuite hostname="DESKTOP-OEL817D" name="suit.runner" tests="1" failures="0" timestamp="30 Oct 2018 07:48:51 GMT" time="599.678" errors="0">
  <testcase name="Runner" time="599.678" classname="suit.runner"/>
</testsuite> <!-- suit.runner -->
