<?xml version="1.0" encoding="UTF-8"?>
<!-- Generated by org.testng.reporters.JUnitReportReporter -->
<testsuite hostname="DESKTOP-OEL817D" name="suit.runner" tests="1" failures="0" timestamp="28 Nov 2018 07:54:55 GMT" time="5235.919" errors="0">
  <testcase name="Runner" time="5235.919" classname="suit.runner"/>
</testsuite> <!-- suit.runner -->
